#
# There is insufficient memory for the Java Runtime Environment to continue.
# Native memory allocation (mmap) failed to map 197132288 bytes for G1 virtual space
# Possible reasons:
#   The system is out of physical RAM or swap space
#   The process is running with CompressedOops enabled, and the Java Heap may be blocking the growth of the native heap
# Possible solutions:
#   Reduce memory load on the system
#   Increase physical memory or swap space
#   Check if swap backing store is full
#   Decrease Java heap size (-Xmx/-Xms)
#   Decrease number of Java threads
#   Decrease Java thread stack sizes (-Xss)
#   Set larger code cache with -XX:ReservedCodeCacheSize=
#   JVM is running with Zero Based Compressed Oops mode in which the Java heap is
#     placed in the first 32GB address space. The Java Heap base address is the
#     maximum limit for the native heap growth. Please use -XX:HeapBaseMinAddress
#     to set the Java Heap base and to place the Java Heap above 32GB virtual address.
# This output file may be truncated or incomplete.
#
#  Out of Memory Error (os_windows.cpp:3528), pid=27636, tid=26304
#
# JRE version:  (20.0.2+9) (build )
# Java VM: Java HotSpot(TM) 64-Bit Server VM (20.0.2+9-78, mixed mode, sharing, tiered, compressed oops, compressed class ptrs, g1 gc, windows-amd64)
# No core dump will be written. Minidumps are not enabled by default on client versions of Windows
#

---------------  S U M M A R Y ------------

Command Line: -Dfile.encoding=UTF-8 --module-path=C:\Users\nafiz\OneDrive\Documents\NetBeansProjects\Bank Management System\build\classes bank.management.system.SignUp

Host: 11th Gen Intel(R) Core(TM) i5-1135G7 @ 2.40GHz, 8 cores, 11G,  Windows 11 , 64 bit Build 22621 (10.0.22621.1928)
Time: Mon Aug  7 15:18:28 2023 Bangladesh Standard Time elapsed time: 0.013188 seconds (0d 0h 0m 0s)

---------------  T H R E A D  ---------------

Current thread (0x000001e4b075c890):  JavaThread "Unknown thread" [_thread_in_vm, id=26304, stack(0x000000a72ca00000,0x000000a72cb00000)]

Stack: [0x000000a72ca00000,0x000000a72cb00000]
Native frames: (J=compiled Java code, j=interpreted, Vv=VM code, C=native code)
V  [jvm.dll+0x6bc25a]
V  [jvm.dll+0x84971a]
V  [jvm.dll+0x84b315]
V  [jvm.dll+0x84ba13]
V  [jvm.dll+0x280e4f]
V  [jvm.dll+0x6b8fe9]
V  [jvm.dll+0x6adbca]
V  [jvm.dll+0x35b165]
V  [jvm.dll+0x363386]
V  [jvm.dll+0x3b400e]
V  [jvm.dll+0x3b4295]
V  [jvm.dll+0x32b86a]
V  [jvm.dll+0x32c68b]
V  [jvm.dll+0x8123df]
V  [jvm.dll+0x3c1261]
V  [jvm.dll+0x7fe103]
V  [jvm.dll+0x44ccaf]
V  [jvm.dll+0x44e621]
C  [jli.dll+0x5287]
C  [ucrtbase.dll+0x29363]
C  [KERNEL32.DLL+0x126ad]
C  [ntdll.dll+0x5aa68]


---------------  P R O C E S S  ---------------

Threads class SMR info:
_java_thread_list=0x00007ff815d6b118, length=0, elements={
}

Java Threads: ( => current thread )

Other Threads:
  0x000001e4b07b7400 WorkerThread "GC Thread#0" [stack: 0x000000a72cb00000,0x000000a72cc00000] [id=21764]
  0x000001e4b07c3f10 ConcurrentGCThread "G1 Main Marker" [stack: 0x000000a72cc00000,0x000000a72cd00000] [id=12936]
  0x000001e4b07c4940 WorkerThread "G1 Conc#0" [stack: 0x000000a72cd00000,0x000000a72ce00000] [id=25868]

[error occurred during error reporting (printing all threads), id 0xc0000005, EXCEPTION_ACCESS_VIOLATION (0xc0000005) at pc=0x00007ff81554eea7]
VM state: not at safepoint (not fully initialized)

VM Mutex/Monitor currently owned by a thread:  ([mutex/lock_event])
[0x000001e4b07597a0] Heap_lock - owner thread: 0x000001e4b075c890

Heap address: 0x0000000744000000, size: 3008 MB, Compressed Oops mode: Zero based, Oop shift amount: 3

CDS archive(s) mapped at: [0x0000000000000000-0x0000000000000000-0x0000000000000000), size 0, SharedBaseAddress: 0x0000000800000000, ArchiveRelocationMode: 1.
Narrow klass base: 0x0000000000000000, Narrow klass shift: 0, Narrow klass range: 0x0

GC Precious Log:
 CardTable entry size: 512
 Card Set container configuration: InlinePtr #cards 4 size 8 Array Of Cards #cards 16 size 48 Howl #buckets 8 coarsen threshold 3686 Howl Bitmap #cards 512 size 80 coarsen threshold 460 Card regions per heap region 1 cards per card region 4096

Heap:
 garbage-first heap   total 0K, used 0K [0x0000000744000000, 0x0000000800000000)
  region size 2048K, 0 young (0K), 0 survivors (0K)

[error occurred during error reporting (printing heap information), id 0xc0000005, EXCEPTION_ACCESS_VIOLATION (0xc0000005) at pc=0x00007ff8159247b9]
GC Heap History (0 events):
No events

Dll operation events (1 events):
Event: 0.009 Loaded shared library C:\Program Files\Java\jdk-20\bin\java.dll

Deoptimization events (0 events):
No events

Classes loaded (0 events):
No events

Classes unloaded (0 events):
No events

Classes redefined (0 events):
No events

Internal exceptions (0 events):
No events

VM Operations (0 events):
No events

Events (0 events):
No events


Dynamic libraries:
0x00007ff7530b0000 - 0x00007ff7530c0000 	C:\Program Files\Java\jdk-20\bin\java.exe
0x00007ff8c3230000 - 0x00007ff8c3444000 	C:\Windows\SYSTEM32\ntdll.dll
0x00007ff8c1710000 - 0x00007ff8c17d2000 	C:\Windows\System32\KERNEL32.DLL
0x00007ff8c0950000 - 0x00007ff8c0cf3000 	C:\Windows\System32\KERNELBASE.dll
0x00007ff8bd3c0000 - 0x00007ff8bd457000 	C:\Windows\SYSTEM32\apphelp.dll
0x00007ff8c0740000 - 0x00007ff8c0851000 	C:\Windows\System32\ucrtbase.dll
0x00007ff891180000 - 0x00007ff89119b000 	C:\Program Files\Java\jdk-20\bin\VCRUNTIME140.dll
0x00007ff8a6050000 - 0x00007ff8a6069000 	C:\Program Files\Java\jdk-20\bin\jli.dll
0x00007ff8c15e0000 - 0x00007ff8c168e000 	C:\Windows\System32\ADVAPI32.dll
0x00007ff8c2ad0000 - 0x00007ff8c2b77000 	C:\Windows\System32\msvcrt.dll
0x00007ff8c2870000 - 0x00007ff8c2914000 	C:\Windows\System32\sechost.dll
0x00007ff8c1140000 - 0x00007ff8c1257000 	C:\Windows\System32\RPCRT4.dll
0x00007ff8c26c0000 - 0x00007ff8c286a000 	C:\Windows\System32\USER32.dll
0x00007ff8c0920000 - 0x00007ff8c0946000 	C:\Windows\System32\win32u.dll
0x00007ff8c1010000 - 0x00007ff8c1039000 	C:\Windows\System32\GDI32.dll
0x00007ff89cce0000 - 0x00007ff89cf6e000 	C:\Windows\WinSxS\amd64_microsoft.windows.common-controls_6595b64144ccf1df_6.0.22621.1635_none_270f70857386168e\COMCTL32.dll
0x00007ff8c0ef0000 - 0x00007ff8c1009000 	C:\Windows\System32\gdi32full.dll
0x00007ff8c06a0000 - 0x00007ff8c073a000 	C:\Windows\System32\msvcp_win.dll
0x00007ff8b5070000 - 0x00007ff8b507a000 	C:\Windows\SYSTEM32\VERSION.dll
0x00007ff8c3190000 - 0x00007ff8c31c1000 	C:\Windows\System32\IMM32.DLL
0x00007ff8bd1d0000 - 0x00007ff8bd1dc000 	C:\Program Files\Java\jdk-20\bin\vcruntime140_1.dll
0x00007ff867050000 - 0x00007ff8670de000 	C:\Program Files\Java\jdk-20\bin\msvcp140.dll
0x00007ff815210000 - 0x00007ff815ea8000 	C:\Program Files\Java\jdk-20\bin\server\jvm.dll
0x00007ff8bd1f0000 - 0x00007ff8bd1f9000 	C:\Windows\SYSTEM32\WSOCK32.dll
0x00007ff8b5200000 - 0x00007ff8b5234000 	C:\Windows\SYSTEM32\WINMM.dll
0x00007ff8c2b80000 - 0x00007ff8c2bf1000 	C:\Windows\System32\WS2_32.dll
0x00007ff8bf640000 - 0x00007ff8bf658000 	C:\Windows\SYSTEM32\kernel.appcore.dll
0x00007ff8bb2e0000 - 0x00007ff8bb2ea000 	C:\Program Files\Java\jdk-20\bin\jimage.dll
0x00007ff8be030000 - 0x00007ff8be25e000 	C:\Windows\SYSTEM32\DBGHELP.DLL
0x00007ff8c1ad0000 - 0x00007ff8c1e59000 	C:\Windows\System32\combase.dll
0x00007ff8c1870000 - 0x00007ff8c1947000 	C:\Windows\System32\OLEAUT32.dll
0x00007ff89a940000 - 0x00007ff89a972000 	C:\Windows\SYSTEM32\dbgcore.DLL
0x00007ff8c0d00000 - 0x00007ff8c0d7a000 	C:\Windows\System32\bcryptPrimitives.dll
0x00007ff886ea0000 - 0x00007ff886ec6000 	C:\Program Files\Java\jdk-20\bin\java.dll

dbghelp: loaded successfully - version: 4.0.5 - missing functions: none
symbol engine: initialized successfully - sym options: 0x614 - pdb path: .;C:\Program Files\Java\jdk-20\bin;C:\Windows\SYSTEM32;C:\Windows\WinSxS\amd64_microsoft.windows.common-controls_6595b64144ccf1df_6.0.22621.1635_none_270f70857386168e;C:\Program Files\Java\jdk-20\bin\server

VM Arguments:
jvm_args: -Dfile.encoding=UTF-8 --module-path=C:\Users\nafiz\OneDrive\Documents\NetBeansProjects\Bank Management System\build\classes 
java_command: bank.management.system.SignUp
java_class_path (initial): C:\Users\nafiz\OneDrive\Documents\jcalendar-tz-1.3.3-4.jar;C:\Users\nafiz\OneDrive\Documents\NetBeansProjects\Bank Management System\build\classes
Launcher Type: SUN_STANDARD

[Global flags]
     intx CICompilerCount                          = 4                                         {product} {ergonomic}
     uint ConcGCThreads                            = 2                                         {product} {ergonomic}
     uint G1ConcRefinementThreads                  = 8                                         {product} {ergonomic}
   size_t G1HeapRegionSize                         = 2097152                                   {product} {ergonomic}
    uintx GCDrainStackTargetSize                   = 64                                        {product} {ergonomic}
   size_t InitialHeapSize                          = 197132288                                 {product} {ergonomic}
   size_t MarkStackSize                            = 4194304                                   {product} {ergonomic}
   size_t MaxHeapSize                              = 3154116608                                {product} {ergonomic}
   size_t MinHeapDeltaBytes                        = 2097152                                   {product} {ergonomic}
   size_t MinHeapSize                              = 8388608                                   {product} {ergonomic}
    uintx NonNMethodCodeHeapSize                   = 5839372                                {pd product} {ergonomic}
    uintx NonProfiledCodeHeapSize                  = 122909434                              {pd product} {ergonomic}
    uintx ProfiledCodeHeapSize                     = 122909434                              {pd product} {ergonomic}
    uintx ReservedCodeCacheSize                    = 251658240                              {pd product} {ergonomic}
     bool SegmentedCodeCache                       = true                                      {product} {ergonomic}
   size_t SoftMaxHeapSize                          = 3154116608                             {manageable} {ergonomic}
     bool UseCompressedClassPointers               = true                           {product lp64_product} {ergonomic}
     bool UseCompressedOops                        = true                           {product lp64_product} {ergonomic}
     bool UseG1GC                                  = true                                      {product} {ergonomic}
     bool UseLargePagesIndividualAllocation        = false                                  {pd product} {ergonomic}

Logging:
Log output configuration:
 #0: stdout all=warning uptime,level,tags foldmultilines=false
 #1: stderr all=off uptime,level,tags foldmultilines=false

Environment Variables:
PATH=C:\Program Files\Common Files\Oracle\Java\javapath;C:\Program Files\Python311\Scripts\;C:\Program Files\Python311\;C:\Windows\system32;C:\Windows;C:\Windows\System32\Wbem;C:\Windows\System32\WindowsPowerShell\v1.0\;C:\Windows\System32\OpenSSH\;C:\Program Files\nodejs\;C:\Program Files\php-8.2.3;C:\xampp\php;C:\Users\nafiz\AppData\Roaming\Composer\vendor\bin;C:\ProgramData\ComposerSetup\bin;C:\composer;C:\Program Files\mysql-8.0.33-winx64\bin;C:\Users\nafiz\AppData\Roaming\Python\Python311\Scripts;C:\Program Files\Git\cmd;C:\Users\nafiz\AppData\Local\Microsoft\WindowsApps;C:\Users\nafiz\AppData\Roaming\npm;C:\Users\nafiz\AppData\Roaming\Composer\vendor\bin;C:\Users\nafiz\AppData\Local\GitHubDesktop\bin;C:\Users\nafiz\AppData\Local\Programs\Microsoft VS Code\bin;C:\Program Files\mysql-8.0.33-winx64\bin;C:\Users\nafiz\AppData\Roaming\Python\Python311\Scripts;
USERNAME=nafiz
OS=Windows_NT
PROCESSOR_IDENTIFIER=Intel64 Family 6 Model 140 Stepping 1, GenuineIntel
TMP=C:\Users\nafiz\AppData\Local\Temp
TEMP=C:\Users\nafiz\AppData\Local\Temp




---------------  S Y S T E M  ---------------

OS:
 Windows 11 , 64 bit Build 22621 (10.0.22621.1928)
OS uptime: 6 days 18:12 hours
Hyper-V role detected

CPU: total 8 (initial active 8) (4 cores per cpu, 2 threads per core) family 6 model 140 stepping 1 microcode 0x86, cx8, cmov, fxsr, ht, mmx, 3dnowpref, sse, sse2, sse3, ssse3, sse4.1, sse4.2, popcnt, lzcnt, tsc, tscinvbit, avx, avx2, aes, erms, clmul, bmi1, bmi2, adx, avx512f, avx512dq, avx512cd, avx512bw, avx512vl, sha, fma, vzeroupper, avx512_vpopcntdq, avx512_vpclmulqdq, avx512_vaes, avx512_vnni, clflush, clflushopt, clwb, avx512_vbmi2, avx512_vbmi, hv, rdtscp, rdpid, fsrm, gfni, avx512_bitalg, f16c, cet_ibt, cet_ss, avx512_ifma

Memory: 4k page, system-wide physical 12028M (1819M free)
TotalPageFile size 31154M (AvailPageFile size 60M)
current process WorkingSet (physical memory assigned to process): 12M, peak: 12M
current process commit charge ("private bytes"): 60M, peak: 248M

vm_info: Java HotSpot(TM) 64-Bit Server VM (20.0.2+9-78) for windows-amd64 JRE (20.0.2+9-78), built on 2023-06-14T10:08:48Z by "mach5one" with MS VC++ 17.1 (VS2022)

END.
